********************************************************************************
DUPLICATOR-LITE PACKAGE-LOG: April 16, 2018 12:50 pm
NOTICE: Do NOT post to public sites or forums 
********************************************************************************
VERSION:	1.2.34
WORDPRESS:	4.9.5
PHP INFO:	7.0.9 | SAPI: apache2handler
SERVER:		Apache/2.4.23 (Win32) OpenSSL/1.0.2h PHP/7.0.9 
PHP TIME LIMIT: (0) no time limit imposed 
PHP MAX MEMORY: 2048M (128M default) 
MEMORY STACK: 30MB 

********************************************************************************
DATABASE:
********************************************************************************
BUILD MODE:   MYSQLDUMP
MYSQLTIMEOUT: 5000
MYSQLDUMP:    Is Supported 
FILTERED: [] 
RESPONSE: Ran from C:/xampp/mysql/bin/mysqldump.exe 
TABLES: total:49 | filtered:0 | create:49 
SQL CREATED: supermercadosmax_cf2a4b83a85c0cff7807180416123917_database.sql 
SQL FILE SIZE: 1.04MB (1087606) 
SQL FILE TIME: 2018-04-16 12:50:58 
SQL RUNTIME: 6.84 sec. 

******************************************************************************** 
ARCHIVE (ZIP): 
******************************************************************************** 
ARCHIVE DIR:  C:/xampp/htdocs/wordpress 
ARCHIVE FILE: supermercadosmax_cf2a4b83a85c0cff7807180416123917_archive.zip 
FILTERS: *ON* 
DIRS:
	C:/xampp/htdocs/wordpress/.git/objects/pack 
FILES:
	not set 
EXTS:  not set 
---------------------------------------- 
COMPRESSING 
SIZE:	134.18MB 
STATS:	Dirs 1,074 | Files 9,033 
SQL ADDED: supermercadosmax_cf2a4b83a85c0cff7807180416123917_database.sql 
ZipArchive Object
(
    [status] => 0
    [statusSys] => 0
    [numFiles] => 10107
    [filename] => C:\xampp\htdocs\wordpress\wp-snapshots\tmp\supermercadosmax_cf2a4b83a85c0cff7807180416123917_archive.zip
    [comment] => 
)
 
COMPRESSION RESULT: '1' 
COMPRESSED SIZE: 70.79MB 
ARCHIVE RUNTIME: 353.46 sec. 
MEMORY STACK: 32MB 

******************************************************************************** 
MAKE INSTALLER: 
******************************************************************************** 
Build Start 
Build Finished 
Preping for use 
PACK SIZE:  
Template parsed with new data 
Complete [C:/xampp/htdocs/wordpress/wp-snapshots/tmp/supermercadosmax_cf2a4b83a85c0cff7807180416123917_installer.php] 
Added to archive 

******************************************************************************** 
INTEGRITY CHECKS: 
******************************************************************************** 
SQL File: 1.04MB 
Installer File: 445.25KB 
Archive File: 70.79MB  

********************************************************************************
RECORD ID:[1]
TOTAL PROCESS RUNTIME: 369.03 sec.
PEAK PHP MEMORY USED: 34MB
DONE PROCESSING => supermercadosmax April 16, 2018 12:57 pm
 
